<?xml version="1.0" encoding="UTF-8"?>

<!--L
   Copyright SAIC

   Distributed under the OSI-approved BSD 3-Clause License.
   See http://ncip.github.com/cma/LICENSE.txt for details.
L-->

<!DOCTYPE beans PUBLIC "-//SPRING//DTD BEAN//EN" "http://www.springframework.org/dtd/spring-beans.dtd">

<beans>
	<import resource="spring/resources.xml"/>
	<bean id="grailsApplication" class="org.codehaus.groovy.grails.commons.GrailsApplicationFactoryBean">
		<description>Grails application factory bean</description>
		<property name="groovyFiles">
			<value>**/*.groovy</value>
		</property>
	</bean>
	
</beans>